==========================================
节点: anode16
日期: Sat Jul 11 03:06:34 AM UTC 2026
==========================================
[设备] 使用 CPU 训练
[Ep   50/800] reward= -36.00  avg100= -42.90  epsilon=0.905  buffer=889
[Ep  100/800] reward= -70.00  avg100= -39.74  epsilon=0.819  buffer=1808
[Ep  150/800] reward= -15.00  avg100= -31.99  epsilon=0.741  buffer=2560
[Ep  200/800] reward= -10.00  avg100= -29.85  epsilon=0.670  buffer=3446
[Ep  250/800] reward= -29.00  avg100= -30.62  epsilon=0.606  buffer=4242
[Ep  300/800] reward=  -3.00  avg100= -30.65  epsilon=0.548  buffer=5110
[Ep  350/800] reward= -80.00  avg100= -29.44  epsilon=0.496  buffer=5873
[Ep  400/800] reward= -23.00  avg100= -23.81  epsilon=0.449  buffer=6585
[Ep  450/800] reward=  -5.00  avg100= -27.13  epsilon=0.406  buffer=7540
[Ep  500/800] reward= -33.00  avg100= -32.74  epsilon=0.368  buffer=8512
[Ep  550/800] reward= -45.00  avg100= -27.45  epsilon=0.333  buffer=9316
[Ep  600/800] reward= -32.00  avg100= -24.45  epsilon=0.301  buffer=10000
[Ep  650/800] reward= -40.00  avg100= -30.38  epsilon=0.272  buffer=10000
[Ep  700/800] reward=  -3.00  avg100= -29.26  epsilon=0.246  buffer=10000
[Ep  750/800] reward= -19.00  avg100= -25.27  epsilon=0.223  buffer=10000
[Ep  800/800] reward= -50.00  avg100= -26.35  epsilon=0.202  buffer=10000

============================================================
🎯 渗透路径演示
============================================================
  Internet             → VPN-GW                reward= -1.00
  VPN-GW               → Internet              reward= -1.00
  Internet             → VPN-GW                reward= -1.00
  VPN-GW               → Internet              reward= -1.00
  Internet             → VPN-GW                reward= -1.00
  VPN-GW               → Internet              reward= -1.00
  Internet             → VPN-GW                reward= -1.00
  VPN-GW               → Internet              reward= -1.00
  Internet             → VPN-GW                reward= -1.00
  VPN-GW               → Internet              reward= -1.00
  Internet             → VPN-GW                reward= -1.00
  VPN-GW               → Internet              reward= -1.00
  Internet             → VPN-GW                reward= -6.00  ⚠️  DETECTED! (累计 1 次)
  VPN-GW               → Internet              reward= -1.00
  Internet             → VPN-GW                reward= -1.00
  VPN-GW               → Internet              reward= -1.00
  Internet             → VPN-GW                reward= -1.00
  VPN-GW               → Internet              reward= -1.00
  Internet             → VPN-GW                reward= -1.00
  VPN-GW               → Internet              reward= -1.00
  Internet             → VPN-GW                reward= -1.00
  VPN-GW               → Internet              reward= -1.00
  Internet             → VPN-GW                reward= -1.00
  VPN-GW               → Internet              reward= -1.00
  Internet             → VPN-GW                reward= -1.00
  VPN-GW               → Internet              reward= -1.00
  Internet             → VPN-GW                reward= -1.00
  VPN-GW               → Internet              reward= -1.00
  Internet             → VPN-GW                reward= -1.00
  VPN-GW               → Internet              reward= -1.00
------------------------------------------------------------
路径: Internet → VPN-GW → Internet → VPN-GW → Internet → VPN-GW → Internet → VPN-GW → Internet → VPN-GW → Internet → VPN-GW → Internet → VPN-GW → Internet → VPN-GW → Internet → VPN-GW → Internet → VPN-GW → Internet → VPN-GW → Internet → VPN-GW → Internet → VPN-GW → Internet → VPN-GW → Internet → VPN-GW → Internet
总奖励: -35.00  |  步数: 30  |  被检测: 1 次
============================================================
==========================================
训练完成, 日志已保存到 logs/
==========================================
