==========================================
  控制博弈 v1 大种群训练 (pop=8, 200轮)
==========================================
节点: anode17
日期: Sat Jul 18 03:51:20 AM UTC 2026
==========================================
[三位一体 v2] rounds=200 pop=8 | P1:cosine_lr+ent_decay P2:Elo
[Evolve   5/200] best: A9 B6 D15 ElosA=['1539', '1551', '1470', '1371', '1542', '1492', '1593', '1532'] ElosB=['1580', '1492', '1464', '1568', '1567', '1364', '1393', '1201'] ent=0.029
[Evolve  10/200] best: A8 B16 D6 ElosA=['1558', '1477', '1365', '1501', '1507', '1350', '1455', '1359'] ElosB=['1462', '1598', '1568', '1654', '1472', '1185', '1492', '1047'] ent=0.029
[Evolve  15/200] best: A12 B8 D10 ElosA=['1486', '1580', '1371', '1446', '1395', '1325', '1380', '1472'] ElosB=['1271', '1521', '1458', '1519', '1600', '1592', '1435', '904'] ent=0.028
[Evolve  20/200] best: A16 B3 D11 ElosA=['1238', '1531', '1421', '1476', '1358', '1512', '1337', '1424'] ElosB=['1208', '1426', '1575', '1491', '1231', '1547', '1557', '1145'] ent=0.028
[Evolve  25/200] best: A6 B15 D9 ElosA=['1471', '1486', '1368', '1417', '1375', '1276', '1317', '1232'] ElosB=['1198', '1463', '1587', '1421', '1465', '1458', '1339', '1152'] ent=0.027
[Evolve  30/200] best: A9 B12 D9 ElosA=['1349', '1504', '1313', '1293', '1230', '1270', '1182', '1266'] ElosB=['1131', '1396', '1544', '1377', '1480', '1462', '1252', '1150'] ent=0.026
[Evolve  35/200] best: A8 B6 D16 ElosA=['1380', '1416', '1409', '1199', '879', '1128', '1185', '1350'] ElosB=['1260', '1027', '1495', '1284', '1418', '1354', '1156', '1251'] ent=0.026
[Evolve  40/200] best: A8 B10 D12 ElosA=['1228', '1254', '1469', '1104', '939', '1257', '1036', '1272'] ElosB=['1348', '1317', '1314', '1063', '1346', '1314', '469', '1224'] ent=0.025
[Evolve  45/200] best: A6 B12 D12 ElosA=['1106', '1264', '1329', '1265', '876', '1179', '1127', '1142'] ElosB=['1239', '1140', '1311', '983', '1282', '1343', '690', '1083'] ent=0.024
[Evolve  50/200] best: A7 B14 D9 ElosA=['1194', '1122', '1269', '1097', '1101', '955', '1153', '1080'] ElosB=['1253', '821', '1206', '910', '1242', '1308', '629', '1071'] ent=0.024
[Evolve  55/200] best: A10 B10 D10 ElosA=['1188', '1166', '1104', '1146', '1146', '989', '1064', '957'] ElosB=['1168', '933', '1011', '691', '980', '1252', '1065', '1056'] ent=0.023
[Evolve  60/200] best: A8 B12 D10 ElosA=['1148', '1071', '1141', '1066', '1007', '1139', '1107', '1015'] ElosB=['1025', '952', '847', '709', '1103', '1110', '942', '1150'] ent=0.022
[Evolve  65/200] best: A8 B12 D10 ElosA=['1124', '953', '1179', '909', '972', '1048', '874', '899'] ElosB=['1148', '832', '812', '491', '1106', '959', '885', '1119'] ent=0.022
[Evolve  70/200] best: A13 B6 D11 ElosA=['897', '670', '1101', '960', '815', '859', '756', '821'] ElosB=['1037', '1023', '727', '447', '1049', '932', '897', '1087'] ent=0.021
[Evolve  75/200] best: A14 B7 D9 ElosA=['1032', '797', '1014', '1036', '616', '780', '878', '774'] ElosB=['997', '966', '809', '832', '923', '761', '604', '905'] ent=0.021
[Evolve  80/200] best: A12 B6 D12 ElosA=['861', '898', '972', '983', '769', '851', '761', '859'] ElosB=['793', '946', '714', '607', '934', '825', '276', '863'] ent=0.020
[Evolve  85/200] best: A11 B12 D7 ElosA=['584', '854', '833', '871', '868', '630', '872', '777'] ElosB=['803', '999', '430', '874', '651', '840', '581', '839'] ent=0.019
[Evolve  90/200] best: A4 B14 D12 ElosA=['475', '793', '784', '854', '708', '692', '743', '780'] ElosB=['585', '982', '470', '850', '290', '823', '583', '855'] ent=0.019
[Evolve  95/200] best: A10 B12 D8 ElosA=['492', '777', '746', '804', '736', '682', '676', '717'] ElosB=['534', '824', '433', '734', '515', '576', '611', '860'] ent=0.018
[Evolve 100/200] best: A11 B10 D9 ElosA=['278', '636', '443', '744', '589', '608', '630', '811'] ElosB=['711', '778', '540', '706', '701', '743', '715', '762'] ent=0.018
[Evolve 105/200] best: A12 B10 D8 ElosA=['699', '695', '-83', '636', '654', '514', '712', '756'] ElosB=['711', '763', '628', '668', '658', '733', '559', '701'] ent=0.017
[Evolve 110/200] best: A12 B10 D8 ElosA=['669', '585', '34', '591', '499', '305', '634', '699'] ElosB=['680', '660', '558', '532', '653', '838', '482', '668'] ent=0.016
[Evolve 115/200] best: A8 B10 D12 ElosA=['656', '650', '-273', '611', '610', '227', '705', '606'] ElosB=['628', '576', '377', '627', '596', '634', '714', '434'] ent=0.016
[Evolve 120/200] best: A4 B14 D12 ElosA=['582', '533', '150', '519', '499', '-80', '662', '555'] ElosB=['594', '376', '528', '540', '509', '504', '745', '456'] ent=0.015
[Evolve 125/200] best: A8 B9 D13 ElosA=['607', '622', '244', '363', '278', '333', '425', '357'] ElosB=['430', '600', '662', '396', '553', '319', '628', '530'] ent=0.014
[Evolve 130/200] best: A13 B9 D8 ElosA=['473', '438', '518', '526', '23', '407', '514', '75'] ElosB=['295', '511', '541', '452', '411', '414', '597', '335'] ent=0.014
[Evolve 135/200] best: A10 B12 D8 ElosA=['577', '445', '357', '495', '-384', '376', '-35', '13'] ElosB=['520', '446', '504', '366', '362', '457', '487', '158'] ent=0.013
[Evolve 140/200] best: A9 B11 D10 ElosA=['483', '344', '245', '427', '-1103', '168', '-455', '-239'] ElosB=['511', '293', '371', '339', '225', '418', '361', '173'] ent=0.013
[Evolve 145/200] best: A5 B13 D12 ElosA=['343', '144', '318', '449', '-217', '158', '-460', '-102'] ElosB=['174', '213', '192', '261', '217', '219', '241', '255'] ent=0.012
[Evolve 150/200] best: A10 B13 D7 ElosA=['227', '-152', '268', '316', '-81', '101', '-483', '-78'] ElosB=['135', '181', '75', '89', '178', '221', '164', '149'] ent=0.011
[Evolve 155/200] best: A10 B10 D10 ElosA=['171', '3', '26', '214', '113', '144', '35', '-204'] ElosB=['152', '71', '66', '-239', '127', '-21', '78', '197'] ent=0.011
[Evolve 160/200] best: A12 B12 D6 ElosA=['17', '-73', '-149', '190', '76', '150', '-39', '-203'] ElosB=['210', '79', '85', '-55', '-1', '-17', '41', '5'] ent=0.010
[Evolve 165/200] best: A13 B10 D7 ElosA=['33', '-159', '-5', '103', '27', '77', '-63', '-547'] ElosB=['149', '133', '52', '45', '-46', '-25', '-10', '4'] ent=0.009
[Evolve 170/200] best: A8 B10 D12 ElosA=['79', '-119', '-22', '68', '-54', '6', '-134', '-582'] ElosB=['96', '9', '72', '-9', '-6', '-12', '-39', '37'] ent=0.009
[Evolve 175/200] best: A10 B12 D8 ElosA=['-168', '53', '-52', '1', '-71', '-16', '-136', '-332'] ElosB=['66', '-143', '39', '-141', '2', '-64', '73', '-126'] ent=0.008
[Evolve 180/200] best: A9 B9 D12 ElosA=['-22', '-85', '-24', '-91', '-38', '-14', '-36', '-236'] ElosB=['50', '-62', '-16', '11', '-64', '-284', '22', '-12'] ent=0.007
[Evolve 185/200] best: A14 B10 D6 ElosA=['-193', '-149', '-41', '-23', '-271', '-41', '59', '-160'] ElosB=['-17', '-107', '27', '36', '-66', '52', '-76', '-32'] ent=0.007
[Evolve 190/200] best: A7 B11 D12 ElosA=['-222', '-221', '-89', '-85', '-408', '-107', '-67', '-418'] ElosB=['69', '42', '9', '-84', '-108', '-82', '-170', '-10'] ent=0.006
[Evolve 195/200] best: A11 B14 D5 ElosA=['-396', '-76', '-289', '-14', '-152', '-164', '-288', '-237'] ElosB=['-62', '-136', '-74', '3', '-64', '-92', '-148', '-1'] ent=0.006
[Evolve 200/200] best: A9 B12 D9 ElosA=['-444', '-169', '-545', '-223', '-177', '-47', '-257', '-265'] ElosB=['-41', '-187', '-43', '-87', '-25', '-170', '-192', '-78'] ent=0.005
[保存] 种群模型
完成。日志在 logs/
