==========================================
  控制博弈 long training
==========================================
节点: anode16
日期: Fri Jul 17 05:12:04 AM UTC 2026
Python: Python 3.14.6
==========================================
[三位一体 v2] rounds=100 pop=3 | P1:cosine_lr+ent_decay P2:Elo
[Evolve   5/100] best: A11 B12 D7 ElosA=['1603', '1554', '1495'] ElosB=['1503', '1439', '1325'] ent=0.029
[Evolve  10/100] best: A8 B14 D8 ElosA=['1588', '1443', '1505'] ElosB=['1517', '1495', '1435'] ent=0.028
[Evolve  15/100] best: A8 B9 D13 ElosA=['1582', '1497', '1507'] ElosB=['1538', '1465', '1381'] ent=0.026
[Evolve  20/100] best: A7 B10 D13 ElosA=['1590', '1465', '1439'] ElosB=['1614', '1443', '1304'] ent=0.025
[Evolve  25/100] best: A13 B9 D8 ElosA=['1624', '1446', '1410'] ElosB=['1503', '1523', '1383'] ent=0.024
[Evolve  30/100] best: A9 B13 D8 ElosA=['1529', '1526', '1492'] ElosB=['1452', '1454', '1565'] ent=0.022
[Evolve  35/100] best: A11 B7 D12 ElosA=['1540', '1518', '1488'] ElosB=['1420', '1429', '1596'] ent=0.021
[Evolve  40/100] best: A9 B10 D11 ElosA=['1510', '1501', '1416'] ElosB=['1504', '1442', '1619'] ent=0.020
[Evolve  45/100] best: A10 B11 D9 ElosA=['1619', '1440', '1349'] ElosB=['1435', '1408', '1604'] ent=0.019
[Evolve  50/100] best: A13 B6 D11 ElosA=['1551', '1413', '1444'] ElosB=['1483', '1445', '1567'] ent=0.018
[Evolve  55/100] best: A7 B15 D8 ElosA=['1451', '1428', '1347'] ElosB=['1468', '1493', '1633'] ent=0.016
[Evolve  60/100] best: A13 B5 D12 ElosA=['1481', '1316', '1448'] ElosB=['1458', '1487', '1600'] ent=0.015
[Evolve  65/100] best: A11 B11 D8 ElosA=['1398', '1482', '1570'] ElosB=['1329', '1395', '1563'] ent=0.014
[Evolve  70/100] best: A14 B6 D10 ElosA=['1378', '1588', '1587'] ElosB=['1272', '1217', '1426'] ent=0.013
[Evolve  75/100] best: A16 B5 D9 ElosA=['1377', '1489', '1525'] ElosB=['1372', '1144', '1443'] ent=0.011
[Evolve  80/100] best: A14 B6 D10 ElosA=['1285', '1487', '1472'] ElosB=['1359', '1035', '1447'] ent=0.010
[Evolve  85/100] best: A12 B8 D10 ElosA=['1394', '1456', '1400'] ElosB=['1472', '1131', '1306'] ent=0.009
[Evolve  90/100] best: A9 B13 D8 ElosA=['1424', '1470', '1434'] ElosB=['1392', '1048', '1108'] ent=0.007
[Evolve  95/100] best: A11 B12 D7 ElosA=['1417', '1398', '1351'] ElosB=['1226', '1106', '1152'] ent=0.006
[Evolve 100/100] best: A14 B5 D11 ElosA=['1372', '1367', '1291'] ElosB=['987', '1141', '1073'] ent=0.005
[保存] 种群模型

==========================================
完成。日志在 logs/
==========================================
