==========================================
  控制博弈 long training
==========================================
节点: anode16
日期: Fri Jul 17 06:28:01 AM UTC 2026
Python: Python 3.14.6
==========================================
[三位一体 v2] rounds=200 pop=3 | P1:cosine_lr+ent_decay P2:Elo
[Evolve   5/200] best: A16 B6 D8 ElosA=['1646', '1511', '1536'] ElosB=['1458', '1276', '1352'] ent=0.029
[Evolve  10/200] best: A12 B9 D9 ElosA=['1586', '1530', '1489'] ElosB=['1182', '1175', '1455'] ent=0.029
[Evolve  15/200] best: A11 B6 D13 ElosA=['1505', '1482', '1440'] ElosB=['1348', '1214', '1500'] ent=0.028
[Evolve  20/200] best: A18 B4 D8 ElosA=['1514', '1523', '1408'] ElosB=['1015', '1257', '1441'] ent=0.028
[Evolve  25/200] best: A14 B11 D5 ElosA=['1524', '1411', '1431'] ElosB=['1169', '1280', '1318'] ent=0.027
[Evolve  30/200] best: A8 B12 D10 ElosA=['1459', '1329', '1437'] ElosB=['1198', '1374', '1383'] ent=0.026
[Evolve  35/200] best: A15 B3 D12 ElosA=['1421', '1316', '1435'] ElosB=['1356', '1374', '1379'] ent=0.026
[Evolve  40/200] best: A15 B8 D7 ElosA=['1407', '1395', '1525'] ElosB=['1274', '1287', '1227'] ent=0.025
[Evolve  45/200] best: A12 B8 D10 ElosA=['1422', '1389', '1452'] ElosB=['1166', '1185', '1313'] ent=0.024
[Evolve  50/200] best: A7 B11 D12 ElosA=['1263', '1428', '1391'] ElosB=['1243', '1086', '1403'] ent=0.024
[Evolve  55/200] best: A4 B12 D14 ElosA=['1183', '1383', '1263'] ElosB=['1307', '1322', '1429'] ent=0.023
[Evolve  60/200] best: A8 B13 D9 ElosA=['1418', '1247', '1317'] ElosB=['1339', '1300', '1369'] ent=0.022
[Evolve  65/200] best: A6 B9 D15 ElosA=['1470', '1360', '1350'] ElosB=['1134', '1148', '1364'] ent=0.022
[Evolve  70/200] best: A16 B5 D9 ElosA=['1362', '1391', '1245'] ElosB=['1136', '1236', '1437'] ent=0.021
[Evolve  75/200] best: A12 B11 D7 ElosA=['1383', '1381', '1247'] ElosB=['886', '1317', '1391'] ent=0.021
[Evolve  80/200] best: A8 B10 D12 ElosA=['1400', '1346', '1270'] ElosB=['1027', '1294', '1331'] ent=0.020
[Evolve  85/200] best: A10 B12 D8 ElosA=['1415', '1284', '1228'] ElosB=['1265', '1233', '1283'] ent=0.019
[Evolve  90/200] best: A11 B9 D10 ElosA=['1427', '1373', '1262'] ElosB=['1250', '1003', '1024'] ent=0.019
[Evolve  95/200] best: A15 B7 D8 ElosA=['1352', '1284', '1158'] ElosB=['1291', '1163', '1091'] ent=0.018
[Evolve 100/200] best: A14 B6 D10 ElosA=['1327', '1170', '1282'] ElosB=['1194', '1232', '1073'] ent=0.018
[Evolve 105/200] best: A13 B7 D10 ElosA=['1250', '1144', '1223'] ElosB=['1338', '1293', '832'] ent=0.017
[Evolve 110/200] best: A10 B10 D10 ElosA=['1291', '1194', '1308'] ElosB=['1224', '1164', '1051'] ent=0.016
[Evolve 115/200] best: A14 B9 D7 ElosA=['1332', '1173', '1325'] ElosB=['939', '1032', '900'] ent=0.016
[Evolve 120/200] best: A8 B11 D11 ElosA=['1211', '1137', '1240'] ElosB=['917', '1102', '1111'] ent=0.015
[Evolve 125/200] best: A15 B5 D10 ElosA=['1120', '968', '1214'] ElosB=['879', '1121', '1231'] ent=0.014
[Evolve 130/200] best: A9 B12 D9 ElosA=['1220', '1105', '1235'] ElosB=['990', '973', '1033'] ent=0.014
[Evolve 135/200] best: A6 B8 D16 ElosA=['1121', '1058', '1146'] ElosB=['1029', '1158', '1171'] ent=0.013
[Evolve 140/200] best: A14 B4 D12 ElosA=['1117', '1188', '1086'] ElosB=['1058', '1184', '1119'] ent=0.013
[Evolve 145/200] best: A14 B8 D8 ElosA=['822', '1233', '1192'] ElosB=['1048', '1145', '1147'] ent=0.012
[Evolve 150/200] best: A14 B6 D10 ElosA=['1065', '1218', '1071'] ElosB=['1066', '1149', '1136'] ent=0.011
[Evolve 155/200] best: A7 B16 D7 ElosA=['1118', '1089', '1095'] ElosB=['1107', '1001', '1264'] ent=0.011
[Evolve 160/200] best: A11 B7 D12 ElosA=['1225', '1122', '1040'] ElosB=['1062', '1077', '1174'] ent=0.010
[Evolve 165/200] best: A12 B10 D8 ElosA=['1223', '1174', '928'] ElosB=['1039', '1131', '1149'] ent=0.009
[Evolve 170/200] best: A12 B7 D11 ElosA=['1144', '1231', '907'] ElosB=['1136', '1148', '1061'] ent=0.009
[Evolve 175/200] best: A6 B9 D15 ElosA=['1055', '1097', '924'] ElosB=['1226', '1175', '1065'] ent=0.008
[Evolve 180/200] best: A12 B10 D8 ElosA=['1149', '1134', '1031'] ElosB=['1126', '1093', '1121'] ent=0.007
[Evolve 185/200] best: A9 B12 D9 ElosA=['1175', '1172', '1092'] ElosB=['1089', '1086', '1097'] ent=0.007
[Evolve 190/200] best: A9 B12 D9 ElosA=['1146', '1182', '1134'] ElosB=['1060', '1147', '1085'] ent=0.006
[Evolve 195/200] best: A11 B8 D11 ElosA=['1184', '1096', '1188'] ElosB=['1151', '1080', '1094'] ent=0.006
[Evolve 200/200] best: A10 B13 D7 ElosA=['1134', '1009', '1107'] ElosB=['1197', '1171', '1216'] ent=0.005
[保存] 种群模型

==========================================
完成。日志在 logs/
==========================================
