==========================================
  POMDP 控制博弈 v4 (部分可观测 + GRU)
==========================================
节点: anode05
日期: Sat Jul 18 09:36:58 AM CST 2026
==========================================
[POMDP控制博弈v4] rounds=200 pop=3 | state=20D actions=18 hidden=64
[Evolve  10/200] best: A7 B13 D10 ElosA=['1454', '1396', '1488'] ElosB=['1558', '1524', '1579'] ent=0.029
[Evolve  20/200] best: A12 B10 D8 ElosA=['1411', '1351', '1518'] ElosB=['1497', '1536', '1628'] ent=0.028
[Evolve  30/200] best: A4 B16 D10 ElosA=['1379', '1326', '1388'] ElosB=['1468', '1555', '1665'] ent=0.026
[Evolve  40/200] best: A12 B10 D8 ElosA=['1504', '1570', '1574'] ElosB=['1336', '1319', '1586'] ent=0.025
[Evolve  50/200] best: A9 B13 D8 ElosA=['1528', '1609', '1488'] ElosB=['1345', '1407', '1468'] ent=0.024
[Evolve  60/200] best: A8 B12 D10 ElosA=['1570', '1478', '1520'] ElosB=['1270', '1431', '1471'] ent=0.022
[Evolve  70/200] best: A14 B7 D9 ElosA=['1568', '1313', '1400'] ElosB=['1365', '1373', '1585'] ent=0.021
[Evolve  80/200] best: A7 B13 D10 ElosA=['1579', '1445', '1436'] ElosB=['1384', '1376', '1495'] ent=0.020
[Evolve  90/200] best: A12 B6 D12 ElosA=['1581', '1527', '1399'] ElosB=['1096', '1408', '1426'] ent=0.019
[Evolve 100/200] best: A6 B13 D11 ElosA=['1533', '1465', '1465'] ElosB=['1351', '1370', '1348'] ent=0.018
[Evolve 110/200] best: A10 B15 D5 ElosA=['1513', '1263', '1459'] ElosB=['1438', '1426', '1464'] ent=0.016
[Evolve 120/200] best: A2 B11 D17 ElosA=['1475', '1351', '1274'] ElosB=['1491', '1483', '1503'] ent=0.015
[Evolve 130/200] best: A8 B12 D10 ElosA=['1443', '1141', '1091'] ElosB=['1502', '1478', '1469'] ent=0.014
[Evolve 140/200] best: A6 B17 D7 ElosA=['1431', '1292', '1159'] ElosB=['1368', '1483', '1411'] ent=0.013
[Evolve 150/200] best: A10 B11 D9 ElosA=['1439', '1205', '1301'] ElosB=['1354', '1468', '1374'] ent=0.011
[Evolve 160/200] best: A8 B14 D8 ElosA=['1208', '1252', '1359'] ElosB=['1424', '1398', '1291'] ent=0.010
[Evolve 170/200] best: A4 B10 D16 ElosA=['1230', '958', '1385'] ElosB=['1439', '1369', '1235'] ent=0.009
[Evolve 180/200] best: A6 B13 D11 ElosA=['1104', '1101', '1294'] ElosB=['1427', '1316', '1299'] ent=0.007
[Evolve 190/200] best: A6 B12 D12 ElosA=['1118', '1214', '1179'] ElosB=['1373', '1290', '1366'] ent=0.006
[Evolve 200/200] best: A9 B9 D12 ElosA=['1139', '1245', '1202'] ElosB=['1329', '1313', '1269'] ent=0.005
[保存] v4种群模型
完成。日志在 logs/
