==========================================
  能力异构控制博弈 v3 training
  A=快攻型 B=隐蔽型
==========================================
节点: anode05
日期: Sat Jul 18 08:08:49 AM CST 2026
==========================================
[能力异构v3] rounds=200 pop=3 | state=20D actions=18
A=快攻(ATK+4 OVL+7 cd6 det-3)  B=隐蔽(ATK+2 SEC+2 lock5 OVL+5 cd4 det-1)
[Evolve  10/200] best: A12 B9 D9 ElosA=['1569', '1615', '1533'] ElosB=['1375', '1445', '1270'] ent=0.029
[Evolve  20/200] best: A14 B6 D10 ElosA=['1538', '1568', '1492'] ElosB=['1328', '1460', '1263'] ent=0.028
[Evolve  30/200] best: A15 B6 D9 ElosA=['1465', '1541', '1441'] ElosB=['1301', '1465', '1082'] ent=0.026
[Evolve  40/200] best: A8 B11 D11 ElosA=['1465', '1474', '1389'] ElosB=['1408', '1243', '1190'] ent=0.025
[Evolve  50/200] best: A14 B7 D9 ElosA=['1465', '1433', '1316'] ElosB=['1256', '1147', '1231'] ent=0.024
[Evolve  60/200] best: A10 B13 D7 ElosA=['1414', '1354', '1309'] ElosB=['1314', '869', '1220'] ent=0.022
[Evolve  70/200] best: A15 B6 D9 ElosA=['1368', '1302', '1349'] ElosB=['1308', '961', '1097'] ent=0.021
[Evolve  80/200] best: A20 B3 D7 ElosA=['1370', '1281', '1304'] ElosB=['957', '745', '866'] ent=0.020
[Evolve  90/200] best: A17 B1 D12 ElosA=['1207', '1187', '1237'] ElosB=['925', '676', '574'] ent=0.019
[Evolve 100/200] best: A18 B4 D8 ElosA=['1056', '1063', '1089'] ElosB=['1069', '503', '644'] ent=0.018
[Evolve 110/200] best: A11 B6 D13 ElosA=['957', '986', '1050'] ElosB=['982', '434', '724'] ent=0.016
[Evolve 120/200] best: A13 B4 D13 ElosA=['919', '937', '951'] ElosB=['988', '322', '607'] ent=0.015
[Evolve 130/200] best: A15 B9 D6 ElosA=['916', '890', '805'] ElosB=['845', '257', '652'] ent=0.014
[Evolve 140/200] best: A11 B9 D10 ElosA=['795', '841', '742'] ElosB=['853', '240', '796'] ent=0.013
[Evolve 150/200] best: A9 B7 D14 ElosA=['784', '833', '671'] ElosB=['836', '562', '718'] ent=0.011
[Evolve 160/200] best: A14 B4 D12 ElosA=['789', '797', '736'] ElosB=['719', '595', '757'] ent=0.010
[Evolve 170/200] best: A14 B5 D11 ElosA=['816', '763', '753'] ElosB=['478', '546', '753'] ent=0.009
[Evolve 180/200] best: A15 B8 D7 ElosA=['846', '727', '729'] ElosB=['486', '423', '647'] ent=0.007
[Evolve 190/200] best: A13 B2 D15 ElosA=['782', '693', '732'] ElosB=['339', '408', '530'] ent=0.006
[Evolve 200/200] best: A16 B3 D11 ElosA=['711', '638', '657'] ElosB=['358', '297', '133'] ent=0.005
[保存] v3种群模型
完成。日志在 logs/
