==========================================
  异构控制博弈 v2 training
==========================================
节点: anode05
日期: Fri Jul 17 07:45:29 PM CST 2026
==========================================
[异构控制博弈v2] rounds=300 pop=3 | state=26D actions=24
[Evolve  10/300] best: A20 B7 D3 ElosA=['1488', '1581', '1370'] ElosB=['1429', '1554', '1542'] ent=0.029
[Evolve  20/300] best: A23 B2 D5 ElosA=['1639', '1479', '1544'] ElosB=['1349', '1494', '1430'] ent=0.028
[Evolve  30/300] best: A14 B8 D8 ElosA=['1610', '1520', '1570'] ElosB=['1155', '1500', '1260'] ent=0.028
[Evolve  40/300] best: A23 B1 D6 ElosA=['1582', '1521', '1566'] ElosB=['1095', '1379', '1173'] ent=0.027
[Evolve  50/300] best: A15 B8 D7 ElosA=['1525', '1367', '1505'] ElosB=['1157', '1482', '1330'] ent=0.026
[Evolve  60/300] best: A13 B9 D8 ElosA=['1543', '1355', '1492'] ElosB=['642', '1342', '1429'] ent=0.025
[Evolve  70/300] best: A17 B10 D3 ElosA=['1543', '1373', '1415'] ElosB=['1027', '1115', '1472'] ent=0.024
[Evolve  80/300] best: A7 B13 D10 ElosA=['1515', '1404', '1419'] ElosB=['1149', '1087', '1384'] ent=0.023
[Evolve  90/300] best: A14 B12 D4 ElosA=['1500', '1390', '1393'] ElosB=['1196', '1316', '1229'] ent=0.022
[Evolve 100/300] best: A15 B7 D8 ElosA=['1478', '1317', '1398'] ElosB=['1059', '1396', '987'] ent=0.022
[Evolve 110/300] best: A7 B13 D10 ElosA=['1354', '1342', '1276'] ElosB=['585', '1416', '1370'] ent=0.021
[Evolve 120/300] best: A9 B12 D9 ElosA=['1396', '1180', '1281'] ElosB=['799', '1373', '1394'] ent=0.020
[Evolve 130/300] best: A14 B10 D6 ElosA=['1381', '1148', '1283'] ElosB=['899', '1352', '1403'] ent=0.019
[Evolve 140/300] best: A10 B12 D8 ElosA=['1365', '1185', '1268'] ElosB=['903', '1281', '1355'] ent=0.018
[Evolve 150/300] best: A8 B15 D7 ElosA=['1289', '1061', '1339'] ElosB=['800', '1260', '1365'] ent=0.018
[Evolve 160/300] best: A12 B14 D4 ElosA=['1312', '1256', '1262'] ElosB=['854', '1160', '1356'] ent=0.017
[Evolve 170/300] best: A11 B15 D4 ElosA=['1269', '1299', '1240'] ElosB=['1152', '1076', '1319'] ent=0.016
[Evolve 180/300] best: A12 B7 D11 ElosA=['1231', '1387', '1186'] ElosB=['1038', '875', '1314'] ent=0.015
[Evolve 190/300] best: A11 B14 D5 ElosA=['1084', '1305', '1107'] ElosB=['867', '967', '1421'] ent=0.014
[Evolve 200/300] best: A9 B11 D10 ElosA=['1247', '1218', '937'] ElosB=['844', '1050', '1368'] ent=0.013
[Evolve 210/300] best: A12 B12 D6 ElosA=['1127', '1386', '849'] ElosB=['789', '1071', '1279'] ent=0.013
[Evolve 220/300] best: A14 B6 D10 ElosA=['1101', '1406', '838'] ElosB=['908', '887', '1223'] ent=0.012
[Evolve 230/300] best: A16 B8 D6 ElosA=['1044', '1341', '948'] ElosB=['894', '771', '1242'] ent=0.011
[Evolve 240/300] best: A21 B7 D2 ElosA=['1114', '1291', '852'] ElosB=['977', '759', '1218'] ent=0.010
[Evolve 250/300] best: A13 B9 D8 ElosA=['1186', '1173', '894'] ElosB=['906', '740', '1229'] ent=0.009
[Evolve 260/300] best: A16 B12 D2 ElosA=['1240', '1110', '854'] ElosB=['807', '739', '1168'] ent=0.008
[Evolve 270/300] best: A20 B8 D2 ElosA=['1277', '1133', '898'] ElosB=['586', '652', '900'] ent=0.007
[Evolve 280/300] best: A14 B13 D3 ElosA=['1172', '1103', '887'] ElosB=['248', '660', '989'] ent=0.007
[Evolve 290/300] best: A16 B10 D4 ElosA=['1108', '1082', '802'] ElosB=['123', '431', '1001'] ent=0.006
[Evolve 300/300] best: A13 B13 D4 ElosA=['1012', '1022', '920'] ElosB=['-100', '190', '950'] ent=0.005
[保存] v2种群模型
完成。日志在 logs/
