==========================================
  异构控制博弈 v2 training
==========================================
节点: anode05
日期: Fri Jul 17 06:37:10 PM CST 2026
==========================================
[异构控制博弈v2] rounds=300 pop=3 | state=26D actions=24
[Evolve  10/300] best: A12 B14 D4 ElosA=['1556', '1560', '1530'] ElosB=['1448', '1532', '1299'] ent=0.029
[Evolve  20/300] best: A15 B5 D10 ElosA=['1594', '1497', '1468'] ElosB=['1318', '1407', '1510'] ent=0.028
[Evolve  30/300] best: A6 B14 D10 ElosA=['1575', '1511', '1465'] ElosB=['1467', '1080', '1518'] ent=0.028
[Evolve  40/300] best: A10 B9 D11 ElosA=['1527', '1563', '1514'] ElosB=['1486', '1073', '1366'] ent=0.027
[Evolve  50/300] best: A19 B8 D3 ElosA=['1586', '1510', '1530'] ElosB=['1250', '964', '1136'] ent=0.026
[Evolve  60/300] best: A16 B9 D5 ElosA=['1566', '1476', '1461'] ElosB=['1101', '394', '859'] ent=0.025
[Evolve  70/300] best: A21 B4 D5 ElosA=['1501', '1323', '1305'] ElosB=['945', '458', '669'] ent=0.024
[Evolve  80/300] best: A23 B4 D3 ElosA=['1445', '1219', '1171'] ElosB=['805', '456', '304'] ent=0.023
[Evolve  90/300] best: A14 B10 D6 ElosA=['1432', '1092', '1054'] ElosB=['879', '439', '-175'] ent=0.022
[Evolve 100/300] best: A10 B14 D6 ElosA=['1329', '1009', '931'] ElosB=['955', '514', '-351'] ent=0.022
[Evolve 110/300] best: A12 B11 D7 ElosA=['1261', '962', '928'] ElosB=['952', '85', '-208'] ent=0.021
[Evolve 120/300] best: A15 B9 D6 ElosA=['1199', '903', '805'] ElosB=['849', '21', '-96'] ent=0.020
[Evolve 130/300] best: A15 B6 D9 ElosA=['1083', '816', '825'] ElosB=['553', '-234', '47'] ent=0.019
[Evolve 140/300] best: A7 B13 D10 ElosA=['979', '731', '707'] ElosB=['603', '-91', '156'] ent=0.018
[Evolve 150/300] best: A11 B13 D6 ElosA=['904', '688', '550'] ElosB=['805', '95', '257'] ent=0.018
[Evolve 160/300] best: A7 B10 D13 ElosA=['813', '611', '535'] ElosB=['743', '272', '505'] ent=0.017
[Evolve 170/300] best: A12 B6 D12 ElosA=['704', '627', '423'] ElosB=['803', '332', '462'] ent=0.016
[Evolve 180/300] best: A13 B8 D9 ElosA=['767', '658', '556'] ElosB=['536', '280', '515'] ent=0.015
[Evolve 190/300] best: A16 B5 D9 ElosA=['681', '704', '525'] ElosB=['511', '169', '398'] ent=0.014
[Evolve 200/300] best: A12 B8 D10 ElosA=['634', '652', '505'] ElosB=['267', '157', '-7'] ent=0.013
[Evolve 210/300] best: A10 B10 D10 ElosA=['488', '568', '462'] ElosB=['324', '50', '-14'] ent=0.013
[Evolve 220/300] best: A15 B7 D8 ElosA=['474', '502', '422'] ElosB=['171', '-211', '-89'] ent=0.012
[Evolve 230/300] best: A11 B10 D9 ElosA=['439', '381', '342'] ElosB=['93', '-242', '-244'] ent=0.011
[Evolve 240/300] best: A14 B8 D8 ElosA=['321', '323', '291'] ElosB=['100', '-354', '-462'] ent=0.010
[Evolve 250/300] best: A16 B6 D8 ElosA=['280', '217', '186'] ElosB=['-295', '-544', '-653'] ent=0.009
[Evolve 260/300] best: A8 B8 D14 ElosA=['89', '84', '21'] ElosB=['-147', '-375', '-592'] ent=0.008
[Evolve 270/300] best: A13 B11 D6 ElosA=['22', '-10', '-35'] ElosB=['-165', '-330', '-796'] ent=0.007
[Evolve 280/300] best: A19 B9 D2 ElosA=['-66', '-103', '-100'] ElosB=['-373', '-325', '-508'] ent=0.007
[Evolve 290/300] best: A17 B5 D8 ElosA=['-126', '-160', '-143'] ElosB=['-468', '-247', '-691'] ent=0.006
[Evolve 300/300] best: A18 B8 D4 ElosA=['-191', '-310', '-208'] ElosB=['-632', '-131', '-650'] ent=0.005
[保存] v2种群模型
完成。日志在 logs/
