==========================================
  能力异构控制博弈 v3 training
  A=快攻型 B=隐蔽型
==========================================
节点: anode05
日期: Sat Jul 18 09:07:49 AM CST 2026
==========================================
[能力异构v3] rounds=200 pop=3 | state=20D actions=18
A=快攻(ATK+4 OVL+7 cd6 det-3)  B=隐蔽(ATK+2 SEC+2 lock5 OVL+5 cd4 det-1)
[Evolve  10/200] best: A16 B6 D8 ElosA=['1631', '1440', '1396'] ElosB=['1536', '1524', '1401'] ent=0.029
[Evolve  20/200] best: A26 B1 D3 ElosA=['1675', '1496', '1405'] ElosB=['1150', '1346', '1272'] ent=0.028
[Evolve  30/200] best: A16 B6 D8 ElosA=['1568', '1502', '1485'] ElosB=['1019', '1190', '1026'] ent=0.026
[Evolve  40/200] best: A14 B7 D9 ElosA=['1504', '1357', '1303'] ElosB=['799', '935', '923'] ent=0.025
[Evolve  50/200] best: A20 B2 D8 ElosA=['1373', '1269', '1161'] ElosB=['820', '778', '678'] ent=0.024
[Evolve  60/200] best: A21 B2 D7 ElosA=['1253', '1157', '1036'] ElosB=['634', '544', '285'] ent=0.022
[Evolve  70/200] best: A19 B3 D8 ElosA=['1133', '1116', '887'] ElosB=['273', '413', '-386'] ent=0.021
[Evolve  80/200] best: A14 B9 D7 ElosA=['1073', '977', '729'] ElosB=['-174', '242', '-786'] ent=0.020
[Evolve  90/200] best: A20 B4 D6 ElosA=['964', '788', '582'] ElosB=['-558', '176', '-1122'] ent=0.019
[Evolve 100/200] best: A15 B2 D13 ElosA=['745', '682', '434'] ElosB=['-1005', '44', '-1490'] ent=0.018
[Evolve 110/200] best: A17 B2 D11 ElosA=['574', '560', '344'] ElosB=['-1549', '-131', '-1746'] ent=0.016
[Evolve 120/200] best: A22 B3 D5 ElosA=['406', '418', '219'] ElosB=['-1757', '-527', '-2290'] ent=0.015
[Evolve 130/200] best: A25 B0 D5 ElosA=['200', '244', '113'] ElosB=['-2045', '-652', '-2818'] ent=0.014
[Evolve 140/200] best: A21 B3 D6 ElosA=['90', '117', '2'] ElosB=['-2557', '-1051', '-3346'] ent=0.013
[Evolve 150/200] best: A21 B4 D5 ElosA=['-22', '-59', '-110'] ElosB=['-2733', '-1498', '-3954'] ent=0.011
[Evolve 160/200] best: A22 B1 D7 ElosA=['-133', '-155', '-222'] ElosB=['-3133', '-2154', '-4562'] ent=0.010
[Evolve 170/200] best: A20 B1 D9 ElosA=['-245', '-251', '-270'] ElosB=['-3821', '-2778', '-5234'] ent=0.009
[Evolve 180/200] best: A25 B0 D5 ElosA=['-357', '-379', '-366'] ElosB=['-4301', '-3354', '-5794'] ent=0.007
[Evolve 190/200] best: A21 B2 D7 ElosA=['-501', '-491', '-510'] ElosB=['-4717', '-3674', '-6290'] ent=0.006
[Evolve 200/200] best: A22 B3 D5 ElosA=['-645', '-619', '-638'] ElosB=['-5197', '-4298', '-6802'] ent=0.005
[保存] v3种群模型
完成。日志在 logs/
